This is pdfTeX, Version 3.14159265-2.6-1.40.20 (TeX Live 2019/Debian) (preloaded format=pdflatex 2021.1.16)  26 MAY 2021 19:56
entering extended mode
 restricted \write18 enabled.
 %&-line parsing enabled.
**tensor_product_algo.tex
(./tensor_product_algo.tex
LaTeX2e <2020-02-02> patch level 2
L3 programming layer <2020-02-14>
! Undefined control sequence.
l.1 \section
            {–ê–ª–≥–æ—Ä–∏—Ç–º, –æ—Å–Ω–æ–≤–∞–Ω–Ω—ã–π –Ω–∞ –ø–µ—Ä–µ—Å–µ—á–µ–Ω–...
The control sequence at the end of the top line
of your error message was never \def'ed. If you have
misspelled it (e.g., `\hobx'), type `I' and the correct
spelling (e.g., `I\hbox'). Otherwise just continue,
and I'll forget about whatever was undefined.


! Package inputenc Error: Unicode character –ê (U+0410)
(inputenc)                not set up for use with LaTeX.

See the inputenc package documentation for explanation.
Type  H <return>  for immediate help.
 ...                                              
                                                  
l.1 \section{–ê
               –ª–≥–æ—Ä–∏—Ç–º, –æ—Å–Ω–æ–≤–∞–Ω–Ω—ã–π –Ω–∞ –ø–µ—Ä–µ—Å–µ—á–µ–Ω–...

You may provide a definition with
\DeclareUnicodeCharacter 


! Package inputenc Error: Unicode character –ª (U+043B)
(inputenc)                not set up for use with LaTeX.

See the inputenc package documentation for explanation.
Type  H <return>  for immediate help.
 ...                                              
                                                  
l.1 \section{–ê–ª
                 –≥–æ—Ä–∏—Ç–º, –æ—Å–Ω–æ–≤–∞–Ω–Ω—ã–π –Ω–∞ –ø–µ—Ä–µ—Å–µ—á–µ–Ω–...

You may provide a definition with
\DeclareUnicodeCharacter 


! Package inputenc Error: Unicode character –≥ (U+0433)
(inputenc)                not set up for use with LaTeX.

See the inputenc package documentation for explanation.
Type  H <return>  for immediate help.
 ...                                              
                                                  
l.1 \section{–ê–ª–≥
                   –æ—Ä–∏—Ç–º, –æ—Å–Ω–æ–≤–∞–Ω–Ω—ã–π –Ω–∞ –ø–µ—Ä–µ—Å–µ—á–µ–Ω–...

You may provide a definition with
\DeclareUnicodeCharacter 


! Package inputenc Error: Unicode character –æ (U+043E)
(inputenc)                not set up for use with LaTeX.

See the inputenc package documentation for explanation.
Type  H <return>  for immediate help.
 ...                                              
                                                  
l.1 \section{–ê–ª–≥–æ
                     —Ä–∏—Ç–º, –æ—Å–Ω–æ–≤–∞–Ω–Ω—ã–π –Ω–∞ –ø–µ—Ä–µ—Å–µ—á–µ–Ω–...

You may provide a definition with
\DeclareUnicodeCharacter 


! Package inputenc Error: Unicode character —Ä (U+0440)
(inputenc)                not set up for use with LaTeX.

See the inputenc package documentation for explanation.
Type  H <return>  for immediate help.
 ...                                              
                                                  
l.1 \section{–ê–ª–≥–æ—Ä
                       –∏—Ç–º, –æ—Å–Ω–æ–≤–∞–Ω–Ω—ã–π –Ω–∞ –ø–µ—Ä–µ—Å–µ—á–µ–Ω–...

You may provide a definition with
\DeclareUnicodeCharacter 


! Package inputenc Error: Unicode character –∏ (U+0438)
(inputenc)                not set up for use with LaTeX.

See the inputenc package documentation for explanation.
Type  H <return>  for immediate help.
 ...                                              
                                                  
l.1 \section{–ê–ª–≥–æ—Ä–∏
                         —Ç–º, –æ—Å–Ω–æ–≤–∞–Ω–Ω—ã–π –Ω–∞ –ø–µ—Ä–µ—Å–µ—á–µ–Ω–...

You may provide a definition with
\DeclareUnicodeCharacter 


! Package inputenc Error: Unicode character —Ç (U+0442)
(inputenc)                not set up for use with LaTeX.

See the inputenc package documentation for explanation.
Type  H <return>  for immediate help.
 ...                                              
                                                  
l.1 \section{–ê–ª–≥–æ—Ä–∏—Ç
                           –º, –æ—Å–Ω–æ–≤–∞–Ω–Ω—ã–π –Ω–∞ –ø–µ—Ä–µ—Å–µ—á–µ–Ω–...

You may provide a definition with
\DeclareUnicodeCharacter 


! Package inputenc Error: Unicode character –º (U+043C)
(inputenc)                not set up for use with LaTeX.

See the inputenc package documentation for explanation.
Type  H <return>  for immediate help.
 ...                                              
                                                  
l.1 \section{–ê–ª–≥–æ—Ä–∏—Ç–º
                             , –æ—Å–Ω–æ–≤–∞–Ω–Ω—ã–π –Ω–∞ –ø–µ—Ä–µ—Å–µ—á–µ–Ω–...

You may provide a definition with
\DeclareUnicodeCharacter 


! LaTeX Error: Missing \begin{document}.

See the LaTeX manual or LaTeX Companion for explanation.
Type  H <return>  for immediate help.
 ...                                              
                                                  
l.1 \section{–ê–ª–≥–æ—Ä–∏—Ç–º,
                               –æ—Å–Ω–æ–≤–∞–Ω–Ω—ã–π –Ω–∞ –ø–µ—Ä–µ—Å–µ—á–µ–Ω–...

You're in trouble here.  Try typing  <return>  to proceed.
If that doesn't work, type  X <return>  to quit.

Missing character: There is no , in font nullfont!

! Package inputenc Error: Unicode character –æ (U+043E)
(inputenc)                not set up for use with LaTeX.

See the inputenc package documentation for explanation.
Type  H <return>  for immediate help.
 ...                                              
                                                  
l.1 \section{–ê–ª–≥–æ—Ä–∏—Ç–º, –æ
                                 —Å–Ω–æ–≤–∞–Ω–Ω—ã–π –Ω–∞ –ø–µ—Ä–µ—Å–µ—á–µ–Ω–...

You may provide a definition with
\DeclareUnicodeCharacter 


! Package inputenc Error: Unicode character —Å (U+0441)
(inputenc)                not set up for use with LaTeX.

See the inputenc package documentation for explanation.
Type  H <return>  for immediate help.
 ...                                              
                                                  
l.1 \section{–ê–ª–≥–æ—Ä–∏—Ç–º, –æ—Å
                                   –Ω–æ–≤–∞–Ω–Ω—ã–π –Ω–∞ –ø–µ—Ä–µ—Å–µ—á–µ–Ω–...

You may provide a definition with
\DeclareUnicodeCharacter 


! Package inputenc Error: Unicode character –Ω (U+043D)
(inputenc)                not set up for use with LaTeX.

See the inputenc package documentation for explanation.
Type  H <return>  for immediate help.
 ...                                              
                                                  
l.1 \section{–ê–ª–≥–æ—Ä–∏—Ç–º, –æ—Å–Ω
                                     –æ–≤–∞–Ω–Ω—ã–π –Ω–∞ –ø–µ—Ä–µ—Å–µ—á–µ–Ω–...

You may provide a definition with
\DeclareUnicodeCharacter 


! Package inputenc Error: Unicode character –æ (U+043E)
(inputenc)                not set up for use with LaTeX.

See the inputenc package documentation for explanation.
Type  H <return>  for immediate help.
 ...                                              
                                                  
l.1 \section{–ê–ª–≥–æ—Ä–∏—Ç–º, –æ—Å–Ω–æ
                                       –≤–∞–Ω–Ω—ã–π –Ω–∞ –ø–µ—Ä–µ—Å–µ—á–µ–Ω–...

You may provide a definition with
\DeclareUnicodeCharacter 


! Package inputenc Error: Unicode character –≤ (U+0432)
(inputenc)                not set up for use with LaTeX.

See the inputenc package documentation for explanation.
Type  H <return>  for immediate help.
 ...                                              
                                                  
l.1 \section{–ê–ª–≥–æ—Ä–∏—Ç–º, –æ—Å–Ω–æ–≤
                                         –∞–Ω–Ω—ã–π –Ω–∞ –ø–µ—Ä–µ—Å–µ—á–µ–Ω–...

You may provide a definition with
\DeclareUnicodeCharacter 


! Package inputenc Error: Unicode character –∞ (U+0430)
(inputenc)                not set up for use with LaTeX.

See the inputenc package documentation for explanation.
Type  H <return>  for immediate help.
 ...                                              
                                                  
l.1 \section{–ê–ª–≥–æ—Ä–∏—Ç–º, –æ—Å–Ω–æ–≤–∞
                                           –Ω–Ω—ã–π –Ω–∞ –ø–µ—Ä–µ—Å–µ—á–µ–Ω–...

You may provide a definition with
\DeclareUnicodeCharacter 


! Package inputenc Error: Unicode character –Ω (U+043D)
(inputenc)                not set up for use with LaTeX.

See the inputenc package documentation for explanation.
Type  H <return>  for immediate help.
 ...                                              
                                                  
l.1 \section{–ê–ª–≥–æ—Ä–∏—Ç–º, –æ—Å–Ω–æ–≤–∞–Ω
                                             –Ω—ã–π –Ω–∞ –ø–µ—Ä–µ—Å–µ—á–µ–Ω–...

You may provide a definition with
\DeclareUnicodeCharacter 


! Package inputenc Error: Unicode character –Ω (U+043D)
(inputenc)                not set up for use with LaTeX.

See the inputenc package documentation for explanation.
Type  H <return>  for immediate help.
 ...                                              
                                                  
l.1 \section{–ê–ª–≥–æ—Ä–∏—Ç–º, –æ—Å–Ω–æ–≤–∞–Ω–Ω
                                               —ã–π –Ω–∞ –ø–µ—Ä–µ—Å–µ—á–µ–Ω–...

You may provide a definition with
\DeclareUnicodeCharacter 


! Package inputenc Error: Unicode character —ã (U+044B)
(inputenc)                not set up for use with LaTeX.

See the inputenc package documentation for explanation.
Type  H <return>  for immediate help.
 ...                                              
                                                  
l.1 \section{–ê–ª–≥–æ—Ä–∏—Ç–º, –æ—Å–Ω–æ–≤–∞–Ω–Ω—ã
                                                 –π –Ω–∞ –ø–µ—Ä–µ—Å–µ—á–µ–Ω–...

You may provide a definition with
\DeclareUnicodeCharacter 


! Package inputenc Error: Unicode character –π (U+0439)
(inputenc)                not set up for use with LaTeX.

See the inputenc package documentation for explanation.
Type  H <return>  for immediate help.
 ...                                              
                                                  
l.1 ...tion{–ê–ª–≥–æ—Ä–∏—Ç–º, –æ—Å–Ω–æ–≤–∞–Ω–Ω—ã–π
                                                   –Ω–∞ –ø–µ—Ä–µ—Å–µ—á–µ–Ω–∏...

You may provide a definition with
\DeclareUnicodeCharacter 


! Package inputenc Error: Unicode character –Ω (U+043D)
(inputenc)                not set up for use with LaTeX.

See the inputenc package documentation for explanation.
Type  H <return>  for immediate help.
 ...                                              
                                                  
l.1 ...n{–ê–ª–≥–æ—Ä–∏—Ç–º, –æ—Å–Ω–æ–≤–∞–Ω–Ω—ã–π –Ω
                                                  –∞ –ø–µ—Ä–µ—Å–µ—á–µ–Ω–∏–∏ ...

You may provide a definition with
\DeclareUnicodeCharacter 


! Package inputenc Error: Unicode character –∞ (U+0430)
(inputenc)                not set up for use with LaTeX.

See the inputenc package documentation for explanation.
Type  H <return>  for immediate help.
 ...                                              
                                                  
l.1 ...–ê–ª–≥–æ—Ä–∏—Ç–º, –æ—Å–Ω–æ–≤–∞–Ω–Ω—ã–π –Ω–∞
                                                   –ø–µ—Ä–µ—Å–µ—á–µ–Ω–∏–∏ —è...

You may provide a definition with
\DeclareUnicodeCharacter 


! Package inputenc Error: Unicode character –ø (U+043F)
(inputenc)                not set up for use with LaTeX.

See the inputenc package documentation for explanation.
Type  H <return>  for immediate help.
 ...                                              
                                                  
l.1 ...ª–≥–æ—Ä–∏—Ç–º, –æ—Å–Ω–æ–≤–∞–Ω–Ω—ã–π –Ω–∞ –ø
                                                  –µ—Ä–µ—Å–µ—á–µ–Ω–∏–∏ —è–∑—...

You may provide a definition with
\DeclareUnicodeCharacter 


! Package inputenc Error: Unicode character –µ (U+0435)
(inputenc)                not set up for use with LaTeX.

See the inputenc package documentation for explanation.
Type  H <return>  for immediate help.
 ...                                              
                                                  
l.1 ...≥–æ—Ä–∏—Ç–º, –æ—Å–Ω–æ–≤–∞–Ω–Ω—ã–π –Ω–∞ –ø–µ
                                                  —Ä–µ—Å–µ—á–µ–Ω–∏–∏ —è–∑—ã–...

You may provide a definition with
\DeclareUnicodeCharacter 


! Package inputenc Error: Unicode character —Ä (U+0440)
(inputenc)                not set up for use with LaTeX.

See the inputenc package documentation for explanation.
Type  H <return>  for immediate help.
 ...                                              
                                                  
l.1 ...æ—Ä–∏—Ç–º, –æ—Å–Ω–æ–≤–∞–Ω–Ω—ã–π –Ω–∞ –ø–µ—Ä
                                                  –µ—Å–µ—á–µ–Ω–∏–∏ —è–∑—ã–∫–...

You may provide a definition with
\DeclareUnicodeCharacter 


! Package inputenc Error: Unicode character –µ (U+0435)
(inputenc)                not set up for use with LaTeX.

See the inputenc package documentation for explanation.
Type  H <return>  for immediate help.
 ...                                              
                                                  
l.1 ...Ä–∏—Ç–º, –æ—Å–Ω–æ–≤–∞–Ω–Ω—ã–π –Ω–∞ –ø–µ—Ä–µ
                                                  —Å–µ—á–µ–Ω–∏–∏ —è–∑—ã–∫–æ–...

You may provide a definition with
\DeclareUnicodeCharacter 


! Package inputenc Error: Unicode character —Å (U+0441)
(inputenc)                not set up for use with LaTeX.

See the inputenc package documentation for explanation.
Type  H <return>  for immediate help.
 ...                                              
                                                  
l.1 ...∏—Ç–º, –æ—Å–Ω–æ–≤–∞–Ω–Ω—ã–π –Ω–∞ –ø–µ—Ä–µ—Å
                                                  –µ—á–µ–Ω–∏–∏ —è–∑—ã–∫–æ–≤}...

You may provide a definition with
\DeclareUnicodeCharacter 


! Package inputenc Error: Unicode character –µ (U+0435)
(inputenc)                not set up for use with LaTeX.

See the inputenc package documentation for explanation.
Type  H <return>  for immediate help.
 ...                                              
                                                  
l.1 ...Ç–º, –æ—Å–Ω–æ–≤–∞–Ω–Ω—ã–π –Ω–∞ –ø–µ—Ä–µ—Å–µ
                                                  —á–µ–Ω–∏–∏ —è–∑—ã–∫–æ–≤}\l...

You may provide a definition with
\DeclareUnicodeCharacter 


! Package inputenc Error: Unicode character —á (U+0447)
(inputenc)                not set up for use with LaTeX.

See the inputenc package documentation for explanation.
Type  H <return>  for immediate help.
 ...                                              
                                                  
l.1 ...º, –æ—Å–Ω–æ–≤–∞–Ω–Ω—ã–π –Ω–∞ –ø–µ—Ä–µ—Å–µ—á
                                                  –µ–Ω–∏–∏ —è–∑—ã–∫–æ–≤}\lab...

You may provide a definition with
\DeclareUnicodeCharacter 


! Package inputenc Error: Unicode character –µ (U+0435)
(inputenc)                not set up for use with LaTeX.

See the inputenc package documentation for explanation.
Type  H <return>  for immediate help.
 ...                                              
                                                  
l.1 ... –æ—Å–Ω–æ–≤–∞–Ω–Ω—ã–π –Ω–∞ –ø–µ—Ä–µ—Å–µ—á–µ
                                                  –Ω–∏–∏ —è–∑—ã–∫–æ–≤}\label...

You may provide a definition with
\DeclareUnicodeCharacter 


! Package inputenc Error: Unicode character –Ω (U+043D)
(inputenc)                not set up for use with LaTeX.

See the inputenc package documentation for explanation.
Type  H <return>  for immediate help.
 ...                                              
                                                  
l.1 ...æ—Å–Ω–æ–≤–∞–Ω–Ω—ã–π –Ω–∞ –ø–µ—Ä–µ—Å–µ—á–µ–Ω
                                                  –∏–∏ —è–∑—ã–∫–æ–≤}\label{s...

You may provide a definition with
\DeclareUnicodeCharacter 


! Package inputenc Error: Unicode character –∏ (U+0438)
(inputenc)                not set up for use with LaTeX.

See the inputenc package documentation for explanation.
Type  H <return>  for immediate help.
 ...                                              
                                                  
l.1 ...Å–Ω–æ–≤–∞–Ω–Ω—ã–π –Ω–∞ –ø–µ—Ä–µ—Å–µ—á–µ–Ω–∏
                                                  –∏ —è–∑—ã–∫–æ–≤}\label{sec...

You may provide a definition with
\DeclareUnicodeCharacter 


! Package inputenc Error: Unicode character –∏ (U+0438)
(inputenc)                not set up for use with LaTeX.

See the inputenc package documentation for explanation.
Type  H <return>  for immediate help.
 ...                                              
                                                  
l.1 ...Ω–æ–≤–∞–Ω–Ω—ã–π –Ω–∞ –ø–µ—Ä–µ—Å–µ—á–µ–Ω–∏–∏
                                                   —è–∑—ã–∫–æ–≤}\label{secti...

You may provide a definition with
\DeclareUnicodeCharacter 


! Package inputenc Error: Unicode character —è (U+044F)
(inputenc)                not set up for use with LaTeX.

See the inputenc package documentation for explanation.
Type  H <return>  for immediate help.
 ...                                              
                                                  
l.1 ...–≤–∞–Ω–Ω—ã–π –Ω–∞ –ø–µ—Ä–µ—Å–µ—á–µ–Ω–∏–∏ —è
                                                  –∑—ã–∫–æ–≤}\label{section:...

You may provide a definition with
\DeclareUnicodeCharacter 


! Package inputenc Error: Unicode character –∑ (U+0437)
(inputenc)                not set up for use with LaTeX.

See the inputenc package documentation for explanation.
Type  H <return>  for immediate help.
 ...                                              
                                                  
l.1 ...–∞–Ω–Ω—ã–π –Ω–∞ –ø–µ—Ä–µ—Å–µ—á–µ–Ω–∏–∏ —è–∑
                                                  —ã–∫–æ–≤}\label{section:al...

You may provide a definition with
\DeclareUnicodeCharacter 


! Package inputenc Error: Unicode character —ã (U+044B)
(inputenc)                not set up for use with LaTeX.

See the inputenc package documentation for explanation.
Type  H <return>  for immediate help.
 ...                                              
                                                  
l.1 ...–Ω–Ω—ã–π –Ω–∞ –ø–µ—Ä–µ—Å–µ—á–µ–Ω–∏–∏ —è–∑—ã
                                                  –∫–æ–≤}\label{section:algo...

You may provide a definition with
\DeclareUnicodeCharacter 


! Package inputenc Error: Unicode character –∫ (U+043A)
(inputenc)                not set up for use with LaTeX.

See the inputenc package documentation for explanation.
Type  H <return>  for immediate help.
 ...                                              
                                                  
l.1 ...–Ω—ã–π –Ω–∞ –ø–µ—Ä–µ—Å–µ—á–µ–Ω–∏–∏ —è–∑—ã–∫
                                                  –æ–≤}\label{section:algo_i...

You may provide a definition with
\DeclareUnicodeCharacter 


! Package inputenc Error: Unicode character –æ (U+043E)
(inputenc)                not set up for use with LaTeX.

See the inputenc package documentation for explanation.
Type  H <return>  for immediate help.
 ...                                              
                                                  
l.1 ...—ã–π –Ω–∞ –ø–µ—Ä–µ—Å–µ—á–µ–Ω–∏–∏ —è–∑—ã–∫–æ
                                                  –≤}\label{section:algo_idea}
You may provide a definition with
\DeclareUnicodeCharacter 


! Package inputenc Error: Unicode character –≤ (U+0432)
(inputenc)                not set up for use with LaTeX.

See the inputenc package documentation for explanation.
Type  H <return>  for immediate help.
 ...                                              
                                                  
l.1 ...–π –Ω–∞ –ø–µ—Ä–µ—Å–µ—á–µ–Ω–∏–∏ —è–∑—ã–∫–æ–≤
                                                  }\label{section:algo_idea}
You may provide a definition with
\DeclareUnicodeCharacter 


Overfull \hbox (20.0pt too wide) in paragraph at lines 1--2
[]
 []


! Package inputenc Error: Unicode character –í (U+0412)
(inputenc)                not set up for use with LaTeX.

See the inputenc package documentation for explanation.
Type  H <return>  for immediate help.
 ...                                              
                                                  
l.3 –í
       –∫–∞—á–µ—Å—Ç–≤–µ –µ–¥–∏–Ω–æ–≥–æ –ø–æ–¥—Ö–æ–¥–∞ –∫ –ø–æ—Å—Ç—Ä–æ–µ–Ω–∏—...

You may provide a definition with
\DeclareUnicodeCharacter 


! Package inputenc Error: Unicode character –∫ (U+043A)
(inputenc)                not set up for use with LaTeX.

See the inputenc package documentation for explanation.
Type  H <return>  for immediate help.
 ...                                              
                                                  
l.3 –í –∫
         –∞—á–µ—Å—Ç–≤–µ –µ–¥–∏–Ω–æ–≥–æ –ø–æ–¥—Ö–æ–¥–∞ –∫ –ø–æ—Å—Ç—Ä–æ–µ–Ω–∏—...

You may provide a definition with
\DeclareUnicodeCharacter 


! Package inputenc Error: Unicode character –∞ (U+0430)
(inputenc)                not set up for use with LaTeX.

See the inputenc package documentation for explanation.
Type  H <return>  for immediate help.
 ...                                              
                                                  
l.3 –í –∫–∞
           —á–µ—Å—Ç–≤–µ –µ–¥–∏–Ω–æ–≥–æ –ø–æ–¥—Ö–æ–¥–∞ –∫ –ø–æ—Å—Ç—Ä–æ–µ–Ω–∏—...

You may provide a definition with
\DeclareUnicodeCharacter 


! Package inputenc Error: Unicode character —á (U+0447)
(inputenc)                not set up for use with LaTeX.

See the inputenc package documentation for explanation.
Type  H <return>  for immediate help.
 ...                                              
                                                  
l.3 –í –∫–∞—á
             –µ—Å—Ç–≤–µ –µ–¥–∏–Ω–æ–≥–æ –ø–æ–¥—Ö–æ–¥–∞ –∫ –ø–æ—Å—Ç—Ä–æ–µ–Ω–∏—...

You may provide a definition with
\DeclareUnicodeCharacter 


! Package inputenc Error: Unicode character –µ (U+0435)
(inputenc)                not set up for use with LaTeX.

See the inputenc package documentation for explanation.
Type  H <return>  for immediate help.
 ...                                              
                                                  
l.3 –í –∫–∞—á–µ
               —Å—Ç–≤–µ –µ–¥–∏–Ω–æ–≥–æ –ø–æ–¥—Ö–æ–¥–∞ –∫ –ø–æ—Å—Ç—Ä–æ–µ–Ω–∏—...

You may provide a definition with
\DeclareUnicodeCharacter 


! Package inputenc Error: Unicode character —Å (U+0441)
(inputenc)                not set up for use with LaTeX.

See the inputenc package documentation for explanation.
Type  H <return>  for immediate help.
 ...                                              
                                                  
l.3 –í –∫–∞—á–µ—Å
                 —Ç–≤–µ –µ–¥–∏–Ω–æ–≥–æ –ø–æ–¥—Ö–æ–¥–∞ –∫ –ø–æ—Å—Ç—Ä–æ–µ–Ω–∏—...

You may provide a definition with
\DeclareUnicodeCharacter 


! Package inputenc Error: Unicode character —Ç (U+0442)
(inputenc)                not set up for use with LaTeX.

See the inputenc package documentation for explanation.
Type  H <return>  for immediate help.
 ...                                              
                                                  
l.3 –í –∫–∞—á–µ—Å—Ç
                   –≤–µ –µ–¥–∏–Ω–æ–≥–æ –ø–æ–¥—Ö–æ–¥–∞ –∫ –ø–æ—Å—Ç—Ä–æ–µ–Ω–∏—...

You may provide a definition with
\DeclareUnicodeCharacter 


! Package inputenc Error: Unicode character –≤ (U+0432)
(inputenc)                not set up for use with LaTeX.

See the inputenc package documentation for explanation.
Type  H <return>  for immediate help.
 ...                                              
                                                  
l.3 –í –∫–∞—á–µ—Å—Ç–≤
                     –µ –µ–¥–∏–Ω–æ–≥–æ –ø–æ–¥—Ö–æ–¥–∞ –∫ –ø–æ—Å—Ç—Ä–æ–µ–Ω–∏—...

You may provide a definition with
\DeclareUnicodeCharacter 


! Package inputenc Error: Unicode character –µ (U+0435)
(inputenc)                not set up for use with LaTeX.

See the inputenc package documentation for explanation.
Type  H <return>  for immediate help.
 ...                                              
                                                  
l.3 –í –∫–∞—á–µ—Å—Ç–≤–µ
                        –µ–¥–∏–Ω–æ–≥–æ –ø–æ–¥—Ö–æ–¥–∞ –∫ –ø–æ—Å—Ç—Ä–æ–µ–Ω–∏—...

You may provide a definition with
\DeclareUnicodeCharacter 


! Package inputenc Error: Unicode character –µ (U+0435)
(inputenc)                not set up for use with LaTeX.

See the inputenc package documentation for explanation.
Type  H <return>  for immediate help.
 ...                                              
                                                  
l.3 –í –∫–∞—á–µ—Å—Ç–≤–µ –µ
                          –¥–∏–Ω–æ–≥–æ –ø–æ–¥—Ö–æ–¥–∞ –∫ –ø–æ—Å—Ç—Ä–æ–µ–Ω–∏—...

You may provide a definition with
\DeclareUnicodeCharacter 


! Package inputenc Error: Unicode character –¥ (U+0434)
(inputenc)                not set up for use with LaTeX.

See the inputenc package documentation for explanation.
Type  H <return>  for immediate help.
 ...                                              
                                                  
l.3 –í –∫–∞—á–µ—Å—Ç–≤–µ –µ–¥
                            –∏–Ω–æ–≥–æ –ø–æ–¥—Ö–æ–¥–∞ –∫ –ø–æ—Å—Ç—Ä–æ–µ–Ω–∏—...

You may provide a definition with
\DeclareUnicodeCharacter 


! Package inputenc Error: Unicode character –∏ (U+0438)
(inputenc)                not set up for use with LaTeX.

See the inputenc package documentation for explanation.
Type  H <return>  for immediate help.
 ...                                              
                                                  
l.3 –í –∫–∞—á–µ—Å—Ç–≤–µ –µ–¥–∏
                              –Ω–æ–≥–æ –ø–æ–¥—Ö–æ–¥–∞ –∫ –ø–æ—Å—Ç—Ä–æ–µ–Ω–∏—...

You may provide a definition with
\DeclareUnicodeCharacter 


! Package inputenc Error: Unicode character –Ω (U+043D)
(inputenc)                not set up for use with LaTeX.

See the inputenc package documentation for explanation.
Type  H <return>  for immediate help.
 ...                                              
                                                  
l.3 –í –∫–∞—á–µ—Å—Ç–≤–µ –µ–¥–∏–Ω
                                –æ–≥–æ –ø–æ–¥—Ö–æ–¥–∞ –∫ –ø–æ—Å—Ç—Ä–æ–µ–Ω–∏—...

You may provide a definition with
\DeclareUnicodeCharacter 


! Package inputenc Error: Unicode character –æ (U+043E)
(inputenc)                not set up for use with LaTeX.

See the inputenc package documentation for explanation.
Type  H <return>  for immediate help.
 ...                                              
                                                  
l.3 –í –∫–∞—á–µ—Å—Ç–≤–µ –µ–¥–∏–Ω–æ
                                  –≥–æ –ø–æ–¥—Ö–æ–¥–∞ –∫ –ø–æ—Å—Ç—Ä–æ–µ–Ω–∏—...

You may provide a definition with
\DeclareUnicodeCharacter 


! Package inputenc Error: Unicode character –≥ (U+0433)
(inputenc)                not set up for use with LaTeX.

See the inputenc package documentation for explanation.
Type  H <return>  for immediate help.
 ...                                              
                                                  
l.3 –í –∫–∞—á–µ—Å—Ç–≤–µ –µ–¥–∏–Ω–æ–≥
                                    –æ –ø–æ–¥—Ö–æ–¥–∞ –∫ –ø–æ—Å—Ç—Ä–æ–µ–Ω–∏—...

You may provide a definition with
\DeclareUnicodeCharacter 


! Package inputenc Error: Unicode character –æ (U+043E)
(inputenc)                not set up for use with LaTeX.

See the inputenc package documentation for explanation.
Type  H <return>  for immediate help.
 ...                                              
                                                  
l.3 –í –∫–∞—á–µ—Å—Ç–≤–µ –µ–¥–∏–Ω–æ–≥–æ
                                       –ø–æ–¥—Ö–æ–¥–∞ –∫ –ø–æ—Å—Ç—Ä–æ–µ–Ω–∏—...

You may provide a definition with
\DeclareUnicodeCharacter 


! Package inputenc Error: Unicode character –ø (U+043F)
(inputenc)                not set up for use with LaTeX.

See the inputenc package documentation for explanation.
Type  H <return>  for immediate help.
 ...                                              
                                                  
l.3 –í –∫–∞—á–µ—Å—Ç–≤–µ –µ–¥–∏–Ω–æ–≥–æ –ø
                                         –æ–¥—Ö–æ–¥–∞ –∫ –ø–æ—Å—Ç—Ä–æ–µ–Ω–∏—...

You may provide a definition with
\DeclareUnicodeCharacter 


! Package inputenc Error: Unicode character –æ (U+043E)
(inputenc)                not set up for use with LaTeX.

See the inputenc package documentation for explanation.
Type  H <return>  for immediate help.
 ...                                              
                                                  
l.3 –í –∫–∞—á–µ—Å—Ç–≤–µ –µ–¥–∏–Ω–æ–≥–æ –ø–æ
                                           –¥—Ö–æ–¥–∞ –∫ –ø–æ—Å—Ç—Ä–æ–µ–Ω–∏—...

You may provide a definition with
\DeclareUnicodeCharacter 


! Package inputenc Error: Unicode character –¥ (U+0434)
(inputenc)                not set up for use with LaTeX.

See the inputenc package documentation for explanation.
Type  H <return>  for immediate help.
 ...                                              
                                                  
l.3 –í –∫–∞—á–µ—Å—Ç–≤–µ –µ–¥–∏–Ω–æ–≥–æ –ø–æ–¥
                                             —Ö–æ–¥–∞ –∫ –ø–æ—Å—Ç—Ä–æ–µ–Ω–∏—...

You may provide a definition with
\DeclareUnicodeCharacter 


! Package inputenc Error: Unicode character —Ö (U+0445)
(inputenc)                not set up for use with LaTeX.

See the inputenc package documentation for explanation.
Type  H <return>  for immediate help.
 ...                                              
                                                  
l.3 –í –∫–∞—á–µ—Å—Ç–≤–µ –µ–¥–∏–Ω–æ–≥–æ –ø–æ–¥—Ö
                                               –æ–¥–∞ –∫ –ø–æ—Å—Ç—Ä–æ–µ–Ω–∏—...

You may provide a definition with
\DeclareUnicodeCharacter 


! Package inputenc Error: Unicode character –æ (U+043E)
(inputenc)                not set up for use with LaTeX.

See the inputenc package documentation for explanation.
Type  H <return>  for immediate help.
 ...                                              
                                                  
l.3 –í –∫–∞—á–µ—Å—Ç–≤–µ –µ–¥–∏–Ω–æ–≥–æ –ø–æ–¥—Ö–æ
                                                 –¥–∞ –∫ –ø–æ—Å—Ç—Ä–æ–µ–Ω–∏—...

You may provide a definition with
\DeclareUnicodeCharacter 


! Package inputenc Error: Unicode character –¥ (U+0434)
(inputenc)                not set up for use with LaTeX.

See the inputenc package documentation for explanation.
Type  H <return>  for immediate help.
 ...                                              
                                                  
l.3 ...∫–∞—á–µ—Å—Ç–≤–µ –µ–¥–∏–Ω–æ–≥–æ –ø–æ–¥—Ö–æ–¥
                                                  –∞ –∫ –ø–æ—Å—Ç—Ä–æ–µ–Ω–∏—é...

You may provide a definition with
\DeclareUnicodeCharacter 


! Package inputenc Error: Unicode character –∞ (U+0430)
(inputenc)                not set up for use with LaTeX.

See the inputenc package documentation for explanation.
Type  H <return>  for immediate help.
 ...                                              
                                                  
l.3 ...∞—á–µ—Å—Ç–≤–µ –µ–¥–∏–Ω–æ–≥–æ –ø–æ–¥—Ö–æ–¥–∞
                                                   –∫ –ø–æ—Å—Ç—Ä–æ–µ–Ω–∏—é —...

You may provide a definition with
\DeclareUnicodeCharacter 


! Package inputenc Error: Unicode character –∫ (U+043A)
(inputenc)                not set up for use with LaTeX.

See the inputenc package documentation for explanation.
Type  H <return>  for immediate help.
 ...                                              
                                                  
l.3 ...–µ—Å—Ç–≤–µ –µ–¥–∏–Ω–æ–≥–æ –ø–æ–¥—Ö–æ–¥–∞ –∫
                                                   –ø–æ—Å—Ç—Ä–æ–µ–Ω–∏—é —á–∞...

You may provide a definition with
\DeclareUnicodeCharacter 


! Package inputenc Error: Unicode character –ø (U+043F)
(inputenc)                not set up for use with LaTeX.

See the inputenc package documentation for explanation.
Type  H <return>  for immediate help.
 ...                                              
                                                  
l.3 ...Å—Ç–≤–µ –µ–¥–∏–Ω–æ–≥–æ –ø–æ–¥—Ö–æ–¥–∞ –∫ –ø
                                                  –æ—Å—Ç—Ä–æ–µ–Ω–∏—é —á–∞—Å—...

You may provide a definition with
\DeclareUnicodeCharacter 


! Package inputenc Error: Unicode character –æ (U+043E)
(inputenc)                not set up for use with LaTeX.

See the inputenc package documentation for explanation.
Type  H <return>  for immediate help.
 ...                                              
                                                  
l.3 ...Ç–≤–µ –µ–¥–∏–Ω–æ–≥–æ –ø–æ–¥—Ö–æ–¥–∞ –∫ –ø–æ
                                                  —Å—Ç—Ä–æ–µ–Ω–∏—é —á–∞—Å—Ç–...

You may provide a definition with
\DeclareUnicodeCharacter 


! Package inputenc Error: Unicode character —Å (U+0441)
(inputenc)                not set up for use with LaTeX.

See the inputenc package documentation for explanation.
Type  H <return>  for immediate help.
 ...                                              
                                                  
l.3 ...≤–µ –µ–¥–∏–Ω–æ–≥–æ –ø–æ–¥—Ö–æ–¥–∞ –∫ –ø–æ—Å
                                                  —Ç—Ä–æ–µ–Ω–∏—é —á–∞—Å—Ç–∏—...

You may provide a definition with
\DeclareUnicodeCharacter 


! Package inputenc Error: Unicode character —Ç (U+0442)
(inputenc)                not set up for use with LaTeX.

See the inputenc package documentation for explanation.
Type  H <return>  for immediate help.
 ...                                              
                                                  
l.3 ...µ –µ–¥–∏–Ω–æ–≥–æ –ø–æ–¥—Ö–æ–¥–∞ –∫ –ø–æ—Å—Ç
                                                  —Ä–æ–µ–Ω–∏—é —á–∞—Å—Ç–∏—á–...

You may provide a definition with
\DeclareUnicodeCharacter 


! Package inputenc Error: Unicode character —Ä (U+0440)
(inputenc)                not set up for use with LaTeX.

See the inputenc package documentation for explanation.
Type  H <return>  for immediate help.
 ...                                              
                                                  
l.3 ...–µ–¥–∏–Ω–æ–≥–æ –ø–æ–¥—Ö–æ–¥–∞ –∫ –ø–æ—Å—Ç—Ä
                                                  –æ–µ–Ω–∏—é —á–∞—Å—Ç–∏—á–Ω—...

You may provide a definition with
\DeclareUnicodeCharacter 


! Package inputenc Error: Unicode character –æ (U+043E)
(inputenc)                not set up for use with LaTeX.

See the inputenc package documentation for explanation.
Type  H <return>  for immediate help.
 ...                                              
                                                  
l.3 ...–¥–∏–Ω–æ–≥–æ –ø–æ–¥—Ö–æ–¥–∞ –∫ –ø–æ—Å—Ç—Ä–æ
                                                  –µ–Ω–∏—é —á–∞—Å—Ç–∏—á–Ω—ã—...

You may provide a definition with
\DeclareUnicodeCharacter 


! Package inputenc Error: Unicode character –µ (U+0435)
(inputenc)                not set up for use with LaTeX.

See the inputenc package documentation for explanation.
Type  H <return>  for immediate help.
 ...                                              
                                                  
l.3 ...–∏–Ω–æ–≥–æ –ø–æ–¥—Ö–æ–¥–∞ –∫ –ø–æ—Å—Ç—Ä–æ–µ
                                                  –Ω–∏—é —á–∞—Å—Ç–∏—á–Ω—ã—Ö ...

You may provide a definition with
\DeclareUnicodeCharacter 


! Package inputenc Error: Unicode character –Ω (U+043D)
(inputenc)                not set up for use with LaTeX.

See the inputenc package documentation for explanation.
Type  H <return>  for immediate help.
 ...                                              
                                                  
l.3 ...–Ω–æ–≥–æ –ø–æ–¥—Ö–æ–¥–∞ –∫ –ø–æ—Å—Ç—Ä–æ–µ–Ω
                                                  –∏—é —á–∞—Å—Ç–∏—á–Ω—ã—Ö —Ä...

You may provide a definition with
\DeclareUnicodeCharacter 


! Package inputenc Error: Unicode character –∏ (U+0438)
(inputenc)                not set up for use with LaTeX.

See the inputenc package documentation for explanation.
Type  H <return>  for immediate help.
 ...                                              
                                                  
l.3 ...–æ–≥–æ –ø–æ–¥—Ö–æ–¥–∞ –∫ –ø–æ—Å—Ç—Ä–æ–µ–Ω–∏
                                                  —é —á–∞—Å—Ç–∏—á–Ω—ã—Ö —Ä–µ...

You may provide a definition with
\DeclareUnicodeCharacter 


! Package inputenc Error: Unicode character —é (U+044E)
(inputenc)                not set up for use with LaTeX.

See the inputenc package documentation for explanation.
Type  H <return>  for immediate help.
 ...                                              
                                                  
l.3 ...–≥–æ –ø–æ–¥—Ö–æ–¥–∞ –∫ –ø–æ—Å—Ç—Ä–æ–µ–Ω–∏—é
                                                   —á–∞—Å—Ç–∏—á–Ω—ã—Ö —Ä–µ—à...

You may provide a definition with
\DeclareUnicodeCharacter 


! Package inputenc Error: Unicode character —á (U+0447)
(inputenc)                not set up for use with LaTeX.

See the inputenc package documentation for explanation.
Type  H <return>  for immediate help.
 ...                                              
                                                  
l.3 ...æ –ø–æ–¥—Ö–æ–¥–∞ –∫ –ø–æ—Å—Ç—Ä–æ–µ–Ω–∏—é —á
                                                  –∞—Å—Ç–∏—á–Ω—ã—Ö —Ä–µ—à–µ–...

You may provide a definition with
\DeclareUnicodeCharacter 


! Package inputenc Error: Unicode character –∞ (U+0430)
(inputenc)                not set up for use with LaTeX.

See the inputenc package documentation for explanation.
Type  H <return>  for immediate help.
 ...                                              
                                                  
l.3 ...–ø–æ–¥—Ö–æ–¥–∞ –∫ –ø–æ—Å—Ç—Ä–æ–µ–Ω–∏—é —á–∞
                                                  —Å—Ç–∏—á–Ω—ã—Ö —Ä–µ—à–µ–Ω–...

You may provide a definition with
\DeclareUnicodeCharacter 


! Package inputenc Error: Unicode character —Å (U+0441)
(inputenc)                not set up for use with LaTeX.

See the inputenc package documentation for explanation.
Type  H <return>  for immediate help.
 ...                                              
                                                  
l.3 ...–æ–¥—Ö–æ–¥–∞ –∫ –ø–æ—Å—Ç—Ä–æ–µ–Ω–∏—é —á–∞—Å
                                                  —Ç–∏—á–Ω—ã—Ö —Ä–µ—à–µ–Ω–∏–...

You may provide a definition with
\DeclareUnicodeCharacter 


! Package inputenc Error: Unicode character —Ç (U+0442)
(inputenc)                not set up for use with LaTeX.

See the inputenc package documentation for explanation.
Type  H <return>  for immediate help.
 ...                                              
                                                  
l.3 ...–¥—Ö–æ–¥–∞ –∫ –ø–æ—Å—Ç—Ä–æ–µ–Ω–∏—é —á–∞—Å—Ç
                                                  –∏—á–Ω—ã—Ö —Ä–µ—à–µ–Ω–∏–π ...

You may provide a definition with
\DeclareUnicodeCharacter 


! Package inputenc Error: Unicode character –∏ (U+0438)
(inputenc)                not set up for use with LaTeX.

See the inputenc package documentation for explanation.
Type  H <return>  for immediate help.
 ...                                              
                                                  
l.3 ...—Ö–æ–¥–∞ –∫ –ø–æ—Å—Ç—Ä–æ–µ–Ω–∏—é —á–∞—Å—Ç–∏
                                                  —á–Ω—ã—Ö —Ä–µ—à–µ–Ω–∏–π –¥...

You may provide a definition with
\DeclareUnicodeCharacter 


! Package inputenc Error: Unicode character —á (U+0447)
(inputenc)                not set up for use with LaTeX.

See the inputenc package documentation for explanation.
Type  H <return>  for immediate help.
 ...                                              
                                                  
l.3 ...–æ–¥–∞ –∫ –ø–æ—Å—Ç—Ä–æ–µ–Ω–∏—é —á–∞—Å—Ç–∏—á
                                                  –Ω—ã—Ö —Ä–µ—à–µ–Ω–∏–π –¥–ª...

You may provide a definition with
\DeclareUnicodeCharacter 


! Package inputenc Error: Unicode character –Ω (U+043D)
(inputenc)                not set up for use with LaTeX.

See the inputenc package documentation for explanation.
Type  H <return>  for immediate help.
 ...                                              
                                                  
l.3 ...–¥–∞ –∫ –ø–æ—Å—Ç—Ä–æ–µ–Ω–∏—é —á–∞—Å—Ç–∏—á–Ω
                                                  —ã—Ö —Ä–µ—à–µ–Ω–∏–π –¥–ª—è...

You may provide a definition with
\DeclareUnicodeCharacter 


! Package inputenc Error: Unicode character —ã (U+044B)
(inputenc)                not set up for use with LaTeX.

See the inputenc package documentation for explanation.
Type  H <return>  for immediate help.
 ...                                              
                                                  
l.3 ...–∞ –∫ –ø–æ—Å—Ç—Ä–æ–µ–Ω–∏—é —á–∞—Å—Ç–∏—á–Ω—ã
                                                  —Ö —Ä–µ—à–µ–Ω–∏–π –¥–ª—è –...

You may provide a definition with
\DeclareUnicodeCharacter 


! Package inputenc Error: Unicode character —Ö (U+0445)
(inputenc)                not set up for use with LaTeX.

See the inputenc package documentation for explanation.
Type  H <return>  for immediate help.
 ...                                              
                                                  
l.3 ... –∫ –ø–æ—Å—Ç—Ä–æ–µ–Ω–∏—é —á–∞—Å—Ç–∏—á–Ω—ã—Ö
                                                   —Ä–µ—à–µ–Ω–∏–π –¥–ª—è –∑–...

You may provide a definition with
\DeclareUnicodeCharacter 


! Package inputenc Error: Unicode character —Ä (U+0440)
(inputenc)                not set up for use with LaTeX.

See the inputenc package documentation for explanation.
Type  H <return>  for immediate help.
 ...                                              
                                                  
l.3 ... –ø–æ—Å—Ç—Ä–æ–µ–Ω–∏—é —á–∞—Å—Ç–∏—á–Ω—ã—Ö —Ä
                                                  –µ—à–µ–Ω–∏–π –¥–ª—è –∑–∞–¥...

You may provide a definition with
\DeclareUnicodeCharacter 


! Package inputenc Error: Unicode character –µ (U+0435)
(inputenc)                not set up for use with LaTeX.

See the inputenc package documentation for explanation.
Type  H <return>  for immediate help.
 ...                                              
                                                  
l.3 ...ø–æ—Å—Ç—Ä–æ–µ–Ω–∏—é —á–∞—Å—Ç–∏—á–Ω—ã—Ö —Ä–µ
                                                  —à–µ–Ω–∏–π –¥–ª—è –∑–∞–¥–∞...

You may provide a definition with
\DeclareUnicodeCharacter 


! Package inputenc Error: Unicode character —à (U+0448)
(inputenc)                not set up for use with LaTeX.

See the inputenc package documentation for explanation.
Type  H <return>  for immediate help.
 ...                                              
                                                  
l.3 ...æ—Å—Ç—Ä–æ–µ–Ω–∏—é —á–∞—Å—Ç–∏—á–Ω—ã—Ö —Ä–µ—à
                                                  –µ–Ω–∏–π –¥–ª—è –∑–∞–¥–∞—á...

You may provide a definition with
\DeclareUnicodeCharacter 


! Package inputenc Error: Unicode character –µ (U+0435)
(inputenc)                not set up for use with LaTeX.

See the inputenc package documentation for explanation.
Type  H <return>  for immediate help.
 ...                                              
                                                  
l.3 ...Å—Ç—Ä–æ–µ–Ω–∏—é —á–∞—Å—Ç–∏—á–Ω—ã—Ö —Ä–µ—à–µ
                                                  –Ω–∏–π –¥–ª—è –∑–∞–¥–∞—á–∏...

You may provide a definition with
\DeclareUnicodeCharacter 


! Package inputenc Error: Unicode character –Ω (U+043D)
(inputenc)                not set up for use with LaTeX.

See the inputenc package documentation for explanation.
Type  H <return>  for immediate help.
 ...                                              
                                                  
l.3 ...Ç—Ä–æ–µ–Ω–∏—é —á–∞—Å—Ç–∏—á–Ω—ã—Ö —Ä–µ—à–µ–Ω
                                                  –∏–π –¥–ª—è –∑–∞–¥–∞—á–∏ C...

You may provide a definition with
\DeclareUnicodeCharacter 


! Package inputenc Error: Unicode character –∏ (U+0438)
(inputenc)                not set up for use with LaTeX.

See the inputenc package documentation for explanation.
Type  H <return>  for immediate help.
 ...                                              
                                                  
l.3 ...Ä–æ–µ–Ω–∏—é —á–∞—Å—Ç–∏—á–Ω—ã—Ö —Ä–µ—à–µ–Ω–∏
                                                  –π –¥–ª—è –∑–∞–¥–∞—á–∏ CFP...

You may provide a definition with
\DeclareUnicodeCharacter 


! Package inputenc Error: Unicode character –π (U+0439)
(inputenc)                not set up for use with LaTeX.

See the inputenc package documentation for explanation.
Type  H <return>  for immediate help.
 ...                                              
                                                  
l.3 ...æ–µ–Ω–∏—é —á–∞—Å—Ç–∏—á–Ω—ã—Ö —Ä–µ—à–µ–Ω–∏–π
                                                   –¥–ª—è –∑–∞–¥–∞—á–∏ CFPQ ...

You may provide a definition with
\DeclareUnicodeCharacter 


! Package inputenc Error: Unicode character –¥ (U+0434)
(inputenc)                not set up for use with LaTeX.

See the inputenc package documentation for explanation.
Type  H <return>  for immediate help.
 ...                                              
                                                  
l.3 ...–Ω–∏—é —á–∞—Å—Ç–∏—á–Ω—ã—Ö —Ä–µ—à–µ–Ω–∏–π –¥
                                                  –ª—è –∑–∞–¥–∞—á–∏ CFPQ –±—...

You may provide a definition with
\DeclareUnicodeCharacter 


! Package inputenc Error: Unicode character –ª (U+043B)
(inputenc)                not set up for use with LaTeX.

See the inputenc package documentation for explanation.
Type  H <return>  for immediate help.
 ...                                              
                                                  
l.3 ...–∏—é —á–∞—Å—Ç–∏—á–Ω—ã—Ö —Ä–µ—à–µ–Ω–∏–π –¥–ª
                                                  —è –∑–∞–¥–∞—á–∏ CFPQ –±—ã–...

You may provide a definition with
\DeclareUnicodeCharacter 


! Package inputenc Error: Unicode character —è (U+044F)
(inputenc)                not set up for use with LaTeX.

See the inputenc package documentation for explanation.
Type  H <return>  for immediate help.
 ...                                              
                                                  
l.3 ...—é —á–∞—Å—Ç–∏—á–Ω—ã—Ö —Ä–µ—à–µ–Ω–∏–π –¥–ª—è
                                                   –∑–∞–¥–∞—á–∏ CFPQ –±—ã–ª ...

You may provide a definition with
\DeclareUnicodeCharacter 


! Package inputenc Error: Unicode character –∑ (U+0437)
(inputenc)                not set up for use with LaTeX.

See the inputenc package documentation for explanation.
Type  H <return>  for immediate help.
 ...                                              
                                                  
l.3 ...—á–∞—Å—Ç–∏—á–Ω—ã—Ö —Ä–µ—à–µ–Ω–∏–π –¥–ª—è –∑
                                                  –∞–¥–∞—á–∏ CFPQ –±—ã–ª –≤—...

You may provide a definition with
\DeclareUnicodeCharacter 


! Package inputenc Error: Unicode character –∞ (U+0430)
(inputenc)                not set up for use with LaTeX.

See the inputenc package documentation for explanation.
Type  H <return>  for immediate help.
 ...                                              
                                                  
l.3 ...–∞—Å—Ç–∏—á–Ω—ã—Ö —Ä–µ—à–µ–Ω–∏–π –¥–ª—è –∑–∞
                                                  –¥–∞—á–∏ CFPQ –±—ã–ª –≤—ã–...

You may provide a definition with
\DeclareUnicodeCharacter 


! Package inputenc Error: Unicode character –¥ (U+0434)
(inputenc)                not set up for use with LaTeX.

See the inputenc package documentation for explanation.
Type  H <return>  for immediate help.
 ...                                              
                                                  
l.3 ...—Å—Ç–∏—á–Ω—ã—Ö —Ä–µ—à–µ–Ω–∏–π –¥–ª—è –∑–∞–¥
                                                  –∞—á–∏ CFPQ –±—ã–ª –≤—ã–±—...

You may provide a definition with
\DeclareUnicodeCharacter 


! Package inputenc Error: Unicode character –∞ (U+0430)
(inputenc)                not set up for use with LaTeX.

See the inputenc package documentation for explanation.
Type  H <return>  for immediate help.
 ...                                              
                                                  
l.3 ...—Ç–∏—á–Ω—ã—Ö —Ä–µ—à–µ–Ω–∏–π –¥–ª—è –∑–∞–¥–∞
                                                  —á–∏ CFPQ –±—ã–ª –≤—ã–±—Ä–...

You may provide a definition with
\DeclareUnicodeCharacter 


! Package inputenc Error: Unicode character —á (U+0447)
(inputenc)                not set up for use with LaTeX.

See the inputenc package documentation for explanation.
Type  H <return>  for immediate help.
 ...                                              
                                                  
l.3 ...–∏—á–Ω—ã—Ö —Ä–µ—à–µ–Ω–∏–π –¥–ª—è –∑–∞–¥–∞—á
                                                  –∏ CFPQ –±—ã–ª –≤—ã–±—Ä–∞–...

You may provide a definition with
\DeclareUnicodeCharacter 


! Package inputenc Error: Unicode character –∏ (U+0438)
(inputenc)                not set up for use with LaTeX.

See the inputenc package documentation for explanation.
Type  H <return>  for immediate help.
 ...                                              
                                                  
l.3 ...—á–Ω—ã—Ö —Ä–µ—à–µ–Ω–∏–π –¥–ª—è –∑–∞–¥–∞—á–∏
                                                   CFPQ –±—ã–ª –≤—ã–±—Ä–∞–Ω ...

You may provide a definition with
\DeclareUnicodeCharacter 


! LaTeX Error: Missing \begin{document}.

See the LaTeX manual or LaTeX Companion for explanation.
Type  H <return>  for immediate help.
 ...                                              
                                                  
l.3 ...–Ω—ã—Ö —Ä–µ—à–µ–Ω–∏–π –¥–ª—è –∑–∞–¥–∞—á–∏ C
                                                  FPQ –±—ã–ª –≤—ã–±—Ä–∞–Ω –∞...

You're in trouble here.  Try typing  <return>  to proceed.
If that doesn't work, type  X <return>  to quit.

Missing character: There is no C in font nullfont!
Missing character: There is no F in font nullfont!
Missing character: There is no P in font nullfont!
Missing character: There is no Q in font nullfont!

! Package inputenc Error: Unicode character –± (U+0431)
(inputenc)                not set up for use with LaTeX.

See the inputenc package documentation for explanation.
Type  H <return>  for immediate help.
 ...                                              
                                                  
l.3 ... —Ä–µ—à–µ–Ω–∏–π –¥–ª—è –∑–∞–¥–∞—á–∏ CFPQ –±
                                                  —ã–ª –≤—ã–±—Ä–∞–Ω –∞–ª–≥–æ...

You may provide a definition with
\DeclareUnicodeCharacter 


! Package inputenc Error: Unicode character —ã (U+044B)
(inputenc)                not set up for use with LaTeX.

See the inputenc package documentation for explanation.
Type  H <return>  for immediate help.
 ...                                              
                                                  
l.3 ...Ä–µ—à–µ–Ω–∏–π –¥–ª—è –∑–∞–¥–∞—á–∏ CFPQ –±—ã
                                                  –ª –≤—ã–±—Ä–∞–Ω –∞–ª–≥–æ—Ä...

You may provide a definition with
\DeclareUnicodeCharacter 


! Package inputenc Error: Unicode character –ª (U+043B)
(inputenc)                not set up for use with LaTeX.

See the inputenc package documentation for explanation.
Type  H <return>  for immediate help.
 ...                                              
                                                  
l.3 ...µ—à–µ–Ω–∏–π –¥–ª—è –∑–∞–¥–∞—á–∏ CFPQ –±—ã–ª
                                                   –≤—ã–±—Ä–∞–Ω –∞–ª–≥–æ—Ä–∏...

You may provide a definition with
\DeclareUnicodeCharacter 


! Package inputenc Error: Unicode character –≤ (U+0432)
(inputenc)                not set up for use with LaTeX.

See the inputenc package documentation for explanation.
Type  H <return>  for immediate help.
 ...                                              
                                                  
l.3 ...–µ–Ω–∏–π –¥–ª—è –∑–∞–¥–∞—á–∏ CFPQ –±—ã–ª –≤
                                                  —ã–±—Ä–∞–Ω –∞–ª–≥–æ—Ä–∏—Ç–...

You may provide a definition with
\DeclareUnicodeCharacter 


! Package inputenc Error: Unicode character —ã (U+044B)
(inputenc)                not set up for use with LaTeX.

See the inputenc package documentation for explanation.
Type  H <return>  for immediate help.
 ...                                              
                                                  
l.3 ...–Ω–∏–π –¥–ª—è –∑–∞–¥–∞—á–∏ CFPQ –±—ã–ª –≤—ã
                                                  –±—Ä–∞–Ω –∞–ª–≥–æ—Ä–∏—Ç–º~...

You may provide a definition with
\DeclareUnicodeCharacter 


! Package inputenc Error: Unicode character –± (U+0431)
(inputenc)                not set up for use with LaTeX.

See the inputenc package documentation for explanation.
Type  H <return>  for immediate help.
 ...                                              
                                                  
l.3 ...–∏–π –¥–ª—è –∑–∞–¥–∞—á–∏ CFPQ –±—ã–ª –≤—ã–±
                                                  —Ä–∞–Ω –∞–ª–≥–æ—Ä–∏—Ç–º~\c...

You may provide a definition with
\DeclareUnicodeCharacter 


! Package inputenc Error: Unicode character —Ä (U+0440)
(inputenc)                not set up for use with LaTeX.

See the inputenc package documentation for explanation.
Type  H <return>  for immediate help.
 ...                                              
                                                  
l.3 ...–π –¥–ª—è –∑–∞–¥–∞—á–∏ CFPQ –±—ã–ª –≤—ã–±—Ä
                                                  –∞–Ω –∞–ª–≥–æ—Ä–∏—Ç–º~\cit...

You may provide a definition with
\DeclareUnicodeCharacter 


! Package inputenc Error: Unicode character –∞ (U+0430)
(inputenc)                not set up for use with LaTeX.

See the inputenc package documentation for explanation.
Type  H <return>  for immediate help.
 ...                                              
                                                  
l.3 ... –¥–ª—è –∑–∞–¥–∞—á–∏ CFPQ –±—ã–ª –≤—ã–±—Ä–∞
                                                  –Ω –∞–ª–≥–æ—Ä–∏—Ç–º~\cite{...

You may provide a definition with
\DeclareUnicodeCharacter 


! Package inputenc Error: Unicode character –Ω (U+043D)
(inputenc)                not set up for use with LaTeX.

See the inputenc package documentation for explanation.
Type  H <return>  for immediate help.
 ...                                              
                                                  
l.3 ...¥–ª—è –∑–∞–¥–∞—á–∏ CFPQ –±—ã–ª –≤—ã–±—Ä–∞–Ω
                                                   –∞–ª–≥–æ—Ä–∏—Ç–º~\cite{Ch...

You may provide a definition with
\DeclareUnicodeCharacter 


! Package inputenc Error: Unicode character –∞ (U+0430)
(inputenc)                not set up for use with LaTeX.

See the inputenc package documentation for explanation.
Type  H <return>  for immediate help.
 ...                                              
                                                  
l.3 ...—è –∑–∞–¥–∞—á–∏ CFPQ –±—ã–ª –≤—ã–±—Ä–∞–Ω –∞
                                                  –ª–≥–æ—Ä–∏—Ç–º~\cite{Chaud...

You may provide a definition with
\DeclareUnicodeCharacter 


! Package inputenc Error: Unicode character –ª (U+043B)
(inputenc)                not set up for use with LaTeX.

See the inputenc package documentation for explanation.
Type  H <return>  for immediate help.
 ...                                              
                                                  
l.3 ... –∑–∞–¥–∞—á–∏ CFPQ –±—ã–ª –≤—ã–±—Ä–∞–Ω –∞–ª
                                                  –≥–æ—Ä–∏—Ç–º~\cite{Chaudhu...

You may provide a definition with
\DeclareUnicodeCharacter 


! Package inputenc Error: Unicode character –≥ (U+0433)
(inputenc)                not set up for use with LaTeX.

See the inputenc package documentation for explanation.
Type  H <return>  for immediate help.
 ...                                              
                                                  
l.3 ...∑–∞–¥–∞—á–∏ CFPQ –±—ã–ª –≤—ã–±—Ä–∞–Ω –∞–ª–≥
                                                  –æ—Ä–∏—Ç–º~\cite{Chaudhuri...

You may provide a definition with
\DeclareUnicodeCharacter 


! Package inputenc Error: Unicode character –æ (U+043E)
(inputenc)                not set up for use with LaTeX.

See the inputenc package documentation for explanation.
Type  H <return>  for immediate help.
 ...                                              
                                                  
l.3 ...∞–¥–∞—á–∏ CFPQ –±—ã–ª –≤—ã–±—Ä–∞–Ω –∞–ª–≥–æ
                                                  —Ä–∏—Ç–º~\cite{Chaudhuri08...

You may provide a definition with
\DeclareUnicodeCharacter 


! Package inputenc Error: Unicode character —Ä (U+0440)
(inputenc)                not set up for use with LaTeX.

See the inputenc package documentation for explanation.
Type  H <return>  for immediate help.
 ...                                              
                                                  
l.3 ...¥–∞—á–∏ CFPQ –±—ã–ª –≤—ã–±—Ä–∞–Ω –∞–ª–≥–æ—Ä
                                                  –∏—Ç–º~\cite{Chaudhuri08, ...

You may provide a definition with
\DeclareUnicodeCharacter 


! Package inputenc Error: Unicode character –∏ (U+0438)
(inputenc)                not set up for use with LaTeX.

See the inputenc package documentation for explanation.
Type  H <return>  for immediate help.
 ...                                              
                                                  
l.3 ...∞—á–∏ CFPQ –±—ã–ª –≤—ã–±—Ä–∞–Ω –∞–ª–≥–æ—Ä–∏
                                                  —Ç–º~\cite{Chaudhuri08, Or...

You may provide a definition with
\DeclareUnicodeCharacter 


! Package inputenc Error: Unicode character —Ç (U+0442)
(inputenc)                not set up for use with LaTeX.

See the inputenc package documentation for explanation.
Type  H <return>  for immediate help.
 ...                                              
                                                  
l.3 ...á–∏ CFPQ –±—ã–ª –≤—ã–±—Ä–∞–Ω –∞–ª–≥–æ—Ä–∏—Ç
                                                  –º~\cite{Chaudhuri08, Orac...

You may provide a definition with
\DeclareUnicodeCharacter 


! Package inputenc Error: Unicode character –º (U+043C)
(inputenc)                not set up for use with LaTeX.

See the inputenc package documentation for explanation.
Type  H <return>  for immediate help.
 ...                                              
                                                  
l.3 ...∏ CFPQ –±—ã–ª –≤—ã–±—Ä–∞–Ω –∞–ª–≥–æ—Ä–∏—Ç–º
                                                  ~\cite{Chaudhuri08, Orache...

You may provide a definition with
\DeclareUnicodeCharacter 

Missing character: There is no [ in font nullfont!
\citation{Chaudhuri08}
! Undefined control sequence.
<write> ...: Citation `\@citeb ' on page \thepage 
                                                  \space undefined\on@line .
l.3 ...ª–≥–æ—Ä–∏—Ç–º~\cite{Chaudhuri08, Orachev20}
                                                  , –æ—Å–Ω–æ–≤–∞–Ω–Ω—ã–π –Ω–...
The control sequence at the end of the top line
of your error message was never \def'ed. If you have
misspelled it (e.g., `\hobx'), type `I' and the correct
spelling (e.g., `I\hbox'). Otherwise just continue,
and I'll forget about whatever was undefined.


LaTeX Warning: Citation `Chaudhuri08' on page  undefined on input line 3.

Missing character: There is no , in font nullfont!
\citation{Orachev20}
! Undefined control sequence.
<write> ...: Citation `\@citeb ' on page \thepage 
                                                  \space undefined\on@line .
l.3 ...ª–≥–æ—Ä–∏—Ç–º~\cite{Chaudhuri08, Orachev20}
                                                  , –æ—Å–Ω–æ–≤–∞–Ω–Ω—ã–π –Ω–...
The control sequence at the end of the top line
of your error message was never \def'ed. If you have
misspelled it (e.g., `\hobx'), type `I' and the correct
spelling (e.g., `I\hbox'). Otherwise just continue,
and I'll forget about whatever was undefined.


LaTeX Warning: Citation `Orachev20' on page  undefined on input line 3.

Missing character: There is no ] in font nullfont!
Missing character: There is no , in font nullfont!

! Package inputenc Error: Unicode character –æ (U+043E)
(inputenc)                not set up for use with LaTeX.

See the inputenc package documentation for explanation.
Type  H <return>  for immediate help.
 ...                                              
                                                  
l.3 ...æ—Ä–∏—Ç–º~\cite{Chaudhuri08, Orachev20}, –æ
                                                  —Å–Ω–æ–≤–∞–Ω–Ω—ã–π –Ω–∞ –ø...

You may provide a definition with
\DeclareUnicodeCharacter 


! Package inputenc Error: Unicode character —Å (U+0441)
(inputenc)                not set up for use with LaTeX.

See the inputenc package documentation for explanation.
Type  H <return>  for immediate help.
 ...                                              
                                                  
l.3 ...Ä–∏—Ç–º~\cite{Chaudhuri08, Orachev20}, –æ—Å
                                                  –Ω–æ–≤–∞–Ω–Ω—ã–π –Ω–∞ –ø–µ...

You may provide a definition with
\DeclareUnicodeCharacter 


! Package inputenc Error: Unicode character –Ω (U+043D)
(inputenc)                not set up for use with LaTeX.

See the inputenc package documentation for explanation.
Type  H <return>  for immediate help.
 ...                                              
                                                  
l.3 ...∏—Ç–º~\cite{Chaudhuri08, Orachev20}, –æ—Å–Ω
                                                  –æ–≤–∞–Ω–Ω—ã–π –Ω–∞ –ø–µ—Ä...

You may provide a definition with
\DeclareUnicodeCharacter 


! Package inputenc Error: Unicode character –æ (U+043E)
(inputenc)                not set up for use with LaTeX.

See the inputenc package documentation for explanation.
Type  H <return>  for immediate help.
 ...                                              
                                                  
l.3 ...Ç–º~\cite{Chaudhuri08, Orachev20}, –æ—Å–Ω–æ
                                                  –≤–∞–Ω–Ω—ã–π –Ω–∞ –ø–µ—Ä–µ...

You may provide a definition with
\DeclareUnicodeCharacter 


! Package inputenc Error: Unicode character –≤ (U+0432)
(inputenc)                not set up for use with LaTeX.

See the inputenc package documentation for explanation.
Type  H <return>  for immediate help.
 ...                                              
                                                  
l.3 ...º~\cite{Chaudhuri08, Orachev20}, –æ—Å–Ω–æ–≤
                                                  –∞–Ω–Ω—ã–π –Ω–∞ –ø–µ—Ä–µ—Å...

You may provide a definition with
\DeclareUnicodeCharacter 


! Package inputenc Error: Unicode character –∞ (U+0430)
(inputenc)                not set up for use with LaTeX.

See the inputenc package documentation for explanation.
Type  H <return>  for immediate help.
 ...                                              
                                                  
l.3 ...\cite{Chaudhuri08, Orachev20}, –æ—Å–Ω–æ–≤–∞
                                                  –Ω–Ω—ã–π –Ω–∞ –ø–µ—Ä–µ—Å–µ...

You may provide a definition with
\DeclareUnicodeCharacter 


! Package inputenc Error: Unicode character –Ω (U+043D)
(inputenc)                not set up for use with LaTeX.

See the inputenc package documentation for explanation.
Type  H <return>  for immediate help.
 ...                                              
                                                  
l.3 ...ite{Chaudhuri08, Orachev20}, –æ—Å–Ω–æ–≤–∞–Ω
                                                  –Ω—ã–π –Ω–∞ –ø–µ—Ä–µ—Å–µ—á...

You may provide a definition with
\DeclareUnicodeCharacter 


! Package inputenc Error: Unicode character –Ω (U+043D)
(inputenc)                not set up for use with LaTeX.

See the inputenc package documentation for explanation.
Type  H <return>  for immediate help.
 ...                                              
                                                  
l.3 ...e{Chaudhuri08, Orachev20}, –æ—Å–Ω–æ–≤–∞–Ω–Ω
                                                  —ã–π –Ω–∞ –ø–µ—Ä–µ—Å–µ—á–µ...

You may provide a definition with
\DeclareUnicodeCharacter 


! Package inputenc Error: Unicode character —ã (U+044B)
(inputenc)                not set up for use with LaTeX.

See the inputenc package documentation for explanation.
Type  H <return>  for immediate help.
 ...                                              
                                                  
l.3 ...Chaudhuri08, Orachev20}, –æ—Å–Ω–æ–≤–∞–Ω–Ω—ã
                                                  –π –Ω–∞ –ø–µ—Ä–µ—Å–µ—á–µ–Ω...

You may provide a definition with
\DeclareUnicodeCharacter 


! Package inputenc Error: Unicode character –π (U+0439)
(inputenc)                not set up for use with LaTeX.

See the inputenc package documentation for explanation.
Type  H <return>  for immediate help.
 ...                                              
                                                  
l.3 ...audhuri08, Orachev20}, –æ—Å–Ω–æ–≤–∞–Ω–Ω—ã–π
                                                   –Ω–∞ –ø–µ—Ä–µ—Å–µ—á–µ–Ω–∏...

You may provide a definition with
\DeclareUnicodeCharacter 


! Package inputenc Error: Unicode character –Ω (U+043D)
(inputenc)                not set up for use with LaTeX.

See the inputenc package documentation for explanation.
Type  H <return>  for immediate help.
 ...                                              
                                                  
l.3 ...huri08, Orachev20}, –æ—Å–Ω–æ–≤–∞–Ω–Ω—ã–π –Ω
                                                  –∞ –ø–µ—Ä–µ—Å–µ—á–µ–Ω–∏–∏ ...

You may provide a definition with
\DeclareUnicodeCharacter 


! Package inputenc Error: Unicode character –∞ (U+0430)
(inputenc)                not set up for use with LaTeX.

See the inputenc package documentation for explanation.
Type  H <return>  for immediate help.
 ...                                              
                                                  
l.3 ...ri08, Orachev20}, –æ—Å–Ω–æ–≤–∞–Ω–Ω—ã–π –Ω–∞
                                                   –ø–µ—Ä–µ—Å–µ—á–µ–Ω–∏–∏ —è...

You may provide a definition with
\DeclareUnicodeCharacter 


! Package inputenc Error: Unicode character –ø (U+043F)
(inputenc)                not set up for use with LaTeX.

See the inputenc package documentation for explanation.
Type  H <return>  for immediate help.
 ...                                              
                                                  
l.3 ...8, Orachev20}, –æ—Å–Ω–æ–≤–∞–Ω–Ω—ã–π –Ω–∞ –ø
                                                  –µ—Ä–µ—Å–µ—á–µ–Ω–∏–∏ —è–∑—...

You may provide a definition with
\DeclareUnicodeCharacter 


! Package inputenc Error: Unicode character –µ (U+0435)
(inputenc)                not set up for use with LaTeX.

See the inputenc package documentation for explanation.
Type  H <return>  for immediate help.
 ...                                              
                                                  
l.3 ... Orachev20}, –æ—Å–Ω–æ–≤–∞–Ω–Ω—ã–π –Ω–∞ –ø–µ
                                                  —Ä–µ—Å–µ—á–µ–Ω–∏–∏ —è–∑—ã–...

You may provide a definition with
\DeclareUnicodeCharacter 


! Package inputenc Error: Unicode character —Ä (U+0440)
(inputenc)                not set up for use with LaTeX.

See the inputenc package documentation for explanation.
Type  H <return>  for immediate help.
 ...                                              
                                                  
l.3 ...rachev20}, –æ—Å–Ω–æ–≤–∞–Ω–Ω—ã–π –Ω–∞ –ø–µ—Ä
                                                  –µ—Å–µ—á–µ–Ω–∏–∏ —è–∑—ã–∫–...

You may provide a definition with
\DeclareUnicodeCharacter 


! Package inputenc Error: Unicode character –µ (U+0435)
(inputenc)                not set up for use with LaTeX.

See the inputenc package documentation for explanation.
Type  H <return>  for immediate help.
 ...                                              
                                                  
l.3 ...chev20}, –æ—Å–Ω–æ–≤–∞–Ω–Ω—ã–π –Ω–∞ –ø–µ—Ä–µ
                                                  —Å–µ—á–µ–Ω–∏–∏ —è–∑—ã–∫–æ–...

You may provide a definition with
\DeclareUnicodeCharacter 


! Package inputenc Error: Unicode character —Å (U+0441)
(inputenc)                not set up for use with LaTeX.

See the inputenc package documentation for explanation.
Type  H <return>  for immediate help.
 ...                                              
                                                  
l.3 ...ev20}, –æ—Å–Ω–æ–≤–∞–Ω–Ω—ã–π –Ω–∞ –ø–µ—Ä–µ—Å
                                                  –µ—á–µ–Ω–∏–∏ —è–∑—ã–∫–æ–≤....

You may provide a definition with
\DeclareUnicodeCharacter 


! Package inputenc Error: Unicode character –µ (U+0435)
(inputenc)                not set up for use with LaTeX.

See the inputenc package documentation for explanation.
Type  H <return>  for immediate help.
 ...                                              
                                                  
l.3 ...20}, –æ—Å–Ω–æ–≤–∞–Ω–Ω—ã–π –Ω–∞ –ø–µ—Ä–µ—Å–µ
                                                  —á–µ–Ω–∏–∏ —è–∑—ã–∫–æ–≤. –...

You may provide a definition with
\DeclareUnicodeCharacter 


! Package inputenc Error: Unicode character —á (U+0447)
(inputenc)                not set up for use with LaTeX.

See the inputenc package documentation for explanation.
Type  H <return>  for immediate help.
 ...                                              
                                                  
l.3 ...}, –æ—Å–Ω–æ–≤–∞–Ω–Ω—ã–π –Ω–∞ –ø–µ—Ä–µ—Å–µ—á
                                                  –µ–Ω–∏–∏ —è–∑—ã–∫–æ–≤. –ü—...

You may provide a definition with
\DeclareUnicodeCharacter 


! Package inputenc Error: Unicode character –µ (U+0435)
(inputenc)                not set up for use with LaTeX.

See the inputenc package documentation for explanation.
Type  H <return>  for immediate help.
 ...                                              
                                                  
l.3 ... –æ—Å–Ω–æ–≤–∞–Ω–Ω—ã–π –Ω–∞ –ø–µ—Ä–µ—Å–µ—á–µ
                                                  –Ω–∏–∏ —è–∑—ã–∫–æ–≤. –ü—Ä–...

You may provide a definition with
\DeclareUnicodeCharacter 


! Package inputenc Error: Unicode character –Ω (U+043D)
(inputenc)                not set up for use with LaTeX.

See the inputenc package documentation for explanation.
Type  H <return>  for immediate help.
 ...                                              
                                                  
l.3 ...æ—Å–Ω–æ–≤–∞–Ω–Ω—ã–π –Ω–∞ –ø–µ—Ä–µ—Å–µ—á–µ–Ω
                                                  –∏–∏ —è–∑—ã–∫–æ–≤. –ü—Ä–∏—...
(That makes 100 errors; please try again.) 
Here is how much of TeX's memory you used:
 46 strings out of 481239
 796 string characters out of 5920377
 236563 words of memory out of 5000000
 15412 multiletter control sequences out of 15000+600000
 532646 words of font info for 25 fonts, out of 8000000 for 9000
 1141 hyphenation exceptions out of 8191
 18i,2n,23p,976b,90s stack positions out of 5000i,500n,10000p,200000b,80000s

!  ==> Fatal error occurred, no output PDF file produced!
